13/08/2010 00:42:06:Ocorreu o seguinte erro: SQL SERVER ERROR: I/O ERROR FOR FILE "@2"
ERROR WHILE TRYING TO OPEN FILE
O SISTEMA N„O PODE ENCONTRAR O CAMINHO ESPECIFICADO. 

----------------------------------------------------------------------
13/08/2010 00:42:26:Ocorreu o seguinte erro: SQL SERVER ERROR: I/O ERROR FOR FILE "@2"
ERROR WHILE TRYING TO OPEN FILE
O SISTEMA N„O PODE ENCONTRAR O CAMINHO ESPECIFICADO. 

----------------------------------------------------------------------
13/08/2010 00:50:11:Ocorreu o seguinte erro: SQL SERVER ERROR: I/O ERROR FOR FILE "@2"
ERROR WHILE TRYING TO OPEN FILE
O SISTEMA N„O PODE ENCONTRAR O CAMINHO ESPECIFICADO. 

----------------------------------------------------------------------
13/08/2010 00:56:13:Ocorreu o seguinte erro: SQL SERVER ERROR: I/O ERROR FOR FILE "@2"
ERROR WHILE TRYING TO OPEN FILE
O SISTEMA N„O PODE ENCONTRAR O CAMINHO ESPECIFICADO. 

----------------------------------------------------------------------
13/08/2010 00:56:35:Ocorreu o seguinte erro: SQL SERVER ERROR: I/O ERROR FOR FILE "@2"
ERROR WHILE TRYING TO OPEN FILE
O SISTEMA N„O PODE ENCONTRAR O CAMINHO ESPECIFICADO. 

----------------------------------------------------------------------
13/08/2010 01:00:12:Ocorreu o seguinte erro: SQL SERVER ERROR: I/O ERROR FOR FILE "@2"
ERROR WHILE TRYING TO OPEN FILE
O SISTEMA N„O PODE ENCONTRAR O CAMINHO ESPECIFICADO. 

----------------------------------------------------------------------
13/08/2010 21:51:49:Ocorreu o seguinte erro: SQL SERVER ERROR: I/O ERROR FOR FILE "@2"
ERROR WHILE TRYING TO OPEN FILE
O SISTEMA N„O PODE ENCONTRAR O CAMINHO ESPECIFICADO. 

----------------------------------------------------------------------
13/08/2010 21:53:17:Ocorreu o seguinte erro: SQL SERVER ERROR: I/O ERROR FOR FILE "@2"
ERROR WHILE TRYING TO OPEN FILE
O SISTEMA N„O PODE ENCONTRAR O CAMINHO ESPECIFICADO. 

----------------------------------------------------------------------
13/08/2010 21:55:35:Ocorreu o seguinte erro: SQL SERVER ERROR: I/O ERROR FOR FILE "@2"
ERROR WHILE TRYING TO OPEN FILE
O SISTEMA N„O PODE ENCONTRAR O CAMINHO ESPECIFICADO. 

----------------------------------------------------------------------
14/08/2010 11:16:09:Ocorreu o seguinte erro: SQL SERVER ERROR: I/O ERROR FOR FILE "@2"
ERROR WHILE TRYING TO OPEN FILE
O SISTEMA N„O PODE ENCONTRAR O CAMINHO ESPECIFICADO. 

----------------------------------------------------------------------
14/08/2010 11:19:49:Ocorreu o seguinte erro: SQL SERVER ERROR: I/O ERROR FOR FILE "@2"
ERROR WHILE TRYING TO OPEN FILE
O SISTEMA N„O PODE ENCONTRAR O CAMINHO ESPECIFICADO. 

----------------------------------------------------------------------
14/08/2010 16:45:53:Ocorreu o seguinte erro: '00/00/00' IS NOT A VALID DATE
----------------------------------------------------------------------
15/08/2010 20:20:20:Ocorreu o seguinte erro: ACCESS VIOLATION AT ADDRESS 004C3CDA IN MODULE 'SGIPDV.EXE'. READ OF ADDRESS 0000015/08/2010 23:19:11:Ocorreu o seguinte erro: ACCESS VIOLATION AT ADDRESS 004C3CDA IN MODULE 'SGIPDV.EXE'. READ OF ADDRESS 00000000
----------------------------------------------------------------------
15/08/2010 23:19:12:Ocorreu o seguinte erro: ACCESS VIOLATION AT ADDRESS 004702AB IN MODULE 'SGIPDV.EXE'. READ OF ADDRESS 00000180
----------------------------------------------------------------------
15/08/2010 23:32:25:Ocorreu o seguinte erro: CANNOT FOCUS A DISABLED OR INVISIBLE WINDOW
-------------------------------------15/08/2010 23:55:32:Ocorreu o seguinte erro: TREDUCOES_LOCAL: FIELD 'POSI_ALIQUOTA011' NOT FOUND
----------------------------------------------------------------------
16/08/2010 21:10:51:Ocorreu o seguinte erro: '00/00/00' IS NOT A VALID DATE
----------------------------------------------------------------------
